<?xml version="1.0" encoding="UTF-8"?>
<robot generator="Robot 4.1.2 (Python 3.8.10 on linux)" generated="20211214 13:41:07.510" rpa="false" schemaversion="2">
<suite id="s1" name="Test" source="/home/nurarif/PycharmProjects/Demo/test.robot">
<test id="s1-t1" name="Open Deriv">
<kw name="Login" library="common">
<arg>${my_email}</arg>
<arg>${my_pw}</arg>
<kw name="Open Browser" library="SeleniumLibrary">
<arg>url=https://app.deriv.com</arg>
<arg>browser=chrome</arg>
<doc>Opens a new browser instance to the optional ``url``.</doc>
<msg timestamp="20211214 13:41:07.592" level="INFO">Opening browser 'chrome' to base url 'https://app.deriv.com'.</msg>
<status status="PASS" starttime="20211214 13:41:07.592" endtime="20211214 13:41:20.342"/>
</kw>
<kw name="Wait Until Page Does Not Contain Element" library="SeleniumLibrary">
<arg>dt_core_header_acc-info-preloader</arg>
<arg>60</arg>
<doc>Waits until the element ``locator`` disappears from the current page.</doc>
<status status="PASS" starttime="20211214 13:41:20.343" endtime="20211214 13:41:20.355"/>
</kw>
<kw name="Wait Until Page Contains Element" library="SeleniumLibrary">
<arg>${login_btn}</arg>
<arg>60</arg>
<doc>Waits until the element ``locator`` appears on the current page.</doc>
<status status="PASS" starttime="20211214 13:41:20.356" endtime="20211214 13:41:20.364"/>
</kw>
<kw name="Click Element" library="SeleniumLibrary">
<arg>${login_btn}</arg>
<doc>Click the element identified by ``locator``.</doc>
<msg timestamp="20211214 13:41:20.365" level="INFO">Clicking element 'dt_login_button'.</msg>
<status status="PASS" starttime="20211214 13:41:20.364" endtime="20211214 13:41:23.889"/>
</kw>
<kw name="Wait Until Page Contains Element" library="SeleniumLibrary">
<arg>${email_field}</arg>
<arg>15</arg>
<doc>Waits until the element ``locator`` appears on the current page.</doc>
<status status="PASS" starttime="20211214 13:41:23.889" endtime="20211214 13:41:23.901"/>
</kw>
<kw name="Input Text" library="SeleniumLibrary">
<arg>${email_field}</arg>
<arg>${email}</arg>
<doc>Types the given ``text`` into the text field identified by ``locator``.</doc>
<msg timestamp="20211214 13:41:23.901" level="INFO">Typing text 'nurarif+1@besquare.com.my' into text field 'name=email'.</msg>
<status status="PASS" starttime="20211214 13:41:23.901" endtime="20211214 13:41:23.981"/>
</kw>
<kw name="Input Text" library="SeleniumLibrary">
<arg>${pw_field}</arg>
<arg>${pw}</arg>
<doc>Types the given ``text`` into the text field identified by ``locator``.</doc>
<msg timestamp="20211214 13:41:23.981" level="INFO">Typing text 'Abcd1234' into text field '//*[@type="password"]'.</msg>
<status status="PASS" starttime="20211214 13:41:23.981" endtime="20211214 13:41:24.034"/>
</kw>
<kw name="Click Element" library="SeleniumLibrary">
<arg>${login_outh_button}</arg>
<doc>Click the element identified by ``locator``.</doc>
<msg timestamp="20211214 13:41:24.034" level="INFO">Clicking element '//*[text()="Log in"]'.</msg>
<status status="PASS" starttime="20211214 13:41:24.034" endtime="20211214 13:41:27.182"/>
</kw>
<status status="PASS" starttime="20211214 13:41:07.591" endtime="20211214 13:41:27.183"/>
</kw>
<kw name="Change Account" library="task">
<kw name="Set Window Size" library="SeleniumLibrary">
<arg>1280</arg>
<arg>1280</arg>
<doc>Sets current windows size to given ``width`` and ``height``.</doc>
<status status="PASS" starttime="20211214 13:41:27.183" endtime="20211214 13:41:27.299"/>
</kw>
<kw name="Wait Until Page Does Not Contain Element" library="SeleniumLibrary">
<arg>dt_core_header_acc-info-preloader</arg>
<arg>60</arg>
<doc>Waits until the element ``locator`` disappears from the current page.</doc>
<status status="PASS" starttime="20211214 13:41:27.299" endtime="20211214 13:41:30.706"/>
</kw>
<kw name="Wait Until Page Contains Element" library="SeleniumLibrary">
<arg>${dropdown_btn}</arg>
<arg>30</arg>
<doc>Waits until the element ``locator`` appears on the current page.</doc>
<status status="PASS" starttime="20211214 13:41:30.706" endtime="20211214 13:41:30.720"/>
</kw>
<kw name="Click Element" library="SeleniumLibrary">
<arg>${dropdown_btn}</arg>
<doc>Click the element identified by ``locator``.</doc>
<msg timestamp="20211214 13:41:30.721" level="INFO">Clicking element '//*[@id="dt_core_account-info_acc-info"]'.</msg>
<status status="PASS" starttime="20211214 13:41:30.721" endtime="20211214 13:41:30.794"/>
</kw>
<kw name="Wait Until Page Contains Element" library="SeleniumLibrary">
<arg>${demo_tab}</arg>
<arg>30</arg>
<doc>Waits until the element ``locator`` appears on the current page.</doc>
<status status="PASS" starttime="20211214 13:41:30.794" endtime="20211214 13:41:30.809"/>
</kw>
<kw name="Click Element" library="SeleniumLibrary">
<arg>${demo_tab}</arg>
<doc>Click the element identified by ``locator``.</doc>
<msg timestamp="20211214 13:41:30.810" level="INFO">Clicking element 'dt_core_account-switcher_demo-tab'.</msg>
<status status="PASS" starttime="20211214 13:41:30.810" endtime="20211214 13:41:30.867"/>
</kw>
<kw name="Wait Until Page Contains Element" library="SeleniumLibrary">
<arg>${demo_account}</arg>
<arg>10</arg>
<doc>Waits until the element ``locator`` appears on the current page.</doc>
<status status="PASS" starttime="20211214 13:41:30.867" endtime="20211214 13:41:30.882"/>
</kw>
<kw name="Click Element" library="SeleniumLibrary">
<arg>${demo_account}</arg>
<doc>Click the element identified by ``locator``.</doc>
<msg timestamp="20211214 13:41:30.883" level="INFO">Clicking element '//*[contains(@class,"acc-switcher__id")]'.</msg>
<status status="PASS" starttime="20211214 13:41:30.882" endtime="20211214 13:41:30.973"/>
</kw>
<kw name="Wait Until Page Does Not Contain Element" library="SeleniumLibrary">
<arg>//*[@class="chart-container__loader"]</arg>
<arg>120</arg>
<doc>Waits until the element ``locator`` disappears from the current page.</doc>
<kw name="Capture Page Screenshot" library="SeleniumLibrary">
<doc>Takes a screenshot of the current page and embeds it into a log file.</doc>
<msg timestamp="20211214 13:41:47.644" level="FAIL">WebDriverException: Message: chrome not reachable
  (Session info: chrome=96.0.4664.93)
Stacktrace:
#0 0x5566a1286ee3 &lt;unknown&gt;
#1 0x5566a0d5449f &lt;unknown&gt;
#2 0x5566a0d43244 &lt;unknown&gt;
#3 0x5566a0d43c49 &lt;unknown&gt;
#4 0x5566a0d459d2 &lt;unknown&gt;
#5 0x5566a0d3e0c6 &lt;unknown&gt;
#6 0x5566a0d55a02 &lt;unknown&gt;
#7 0x5566a0dbaac8 &lt;unknown&gt;
#8 0x5566a0da8163 &lt;unknown&gt;
#9 0x5566a0d7dbfc &lt;unknown&gt;
#10 0x5566a0d7ec05 &lt;unknown&gt;
#11 0x5566a12b8baa &lt;unknown&gt;
#12 0x5566a12ce651 &lt;unknown&gt;
#13 0x5566a12b9b05 &lt;unknown&gt;
#14 0x5566a12cfa68 &lt;unknown&gt;
#15 0x5566a12ae05f &lt;unknown&gt;
#16 0x5566a12ea818 &lt;unknown&gt;
#17 0x5566a12ea998 &lt;unknown&gt;
#18 0x5566a1305eed &lt;unknown&gt;
#19 0x7fdad2a63609 &lt;unknown&gt;
</msg>
<status status="FAIL" starttime="20211214 13:41:47.640" endtime="20211214 13:41:47.645"/>
</kw>
<msg timestamp="20211214 13:41:47.645" level="WARN">Keyword 'Capture Page Screenshot' could not be run on failure: WebDriverException: Message: chrome not reachable
  (Session info: chrome=96.0.4664.93)
Stacktrace:
#0 0x5566a1286ee3 &lt;unknown&gt;
#1 0x5566a0d5449f &lt;unknown&gt;
#2 0x5566a0d43244 &lt;unknown&gt;
#3 0x5566a0d43c49 &lt;unknown&gt;
#4 0x5566a0d459d2 &lt;unknown&gt;
#5 0x5566a0d3e0c6 &lt;unknown&gt;
#6 0x5566a0d55a02 &lt;unknown&gt;
#7 0x5566a0dbaac8 &lt;unknown&gt;
#8 0x5566a0da8163 &lt;unknown&gt;
#9 0x5566a0d7dbfc &lt;unknown&gt;
#10 0x5566a0d7ec05 &lt;unknown&gt;
#11 0x5566a12b8baa &lt;unknown&gt;
#12 0x5566a12ce651 &lt;unknown&gt;
#13 0x5566a12b9b05 &lt;unknown&gt;
#14 0x5566a12cfa68 &lt;unknown&gt;
#15 0x5566a12ae05f &lt;unknown&gt;
#16 0x5566a12ea818 &lt;unknown&gt;
#17 0x5566a12ea998 &lt;unknown&gt;
#18 0x5566a1305eed &lt;unknown&gt;
#19 0x7fdad2a63609 &lt;unknown&gt;
</msg>
<msg timestamp="20211214 13:41:47.646" level="FAIL">WebDriverException: Message: chrome not reachable
  (Session info: chrome=96.0.4664.93)
Stacktrace:
#0 0x5566a1286ee3 &lt;unknown&gt;
#1 0x5566a0d5449f &lt;unknown&gt;
#2 0x5566a0d43244 &lt;unknown&gt;
#3 0x5566a0d43c49 &lt;unknown&gt;
#4 0x5566a0d459d2 &lt;unknown&gt;
#5 0x5566a0d3e0c6 &lt;unknown&gt;
#6 0x5566a0d55a02 &lt;unknown&gt;
#7 0x5566a0dbaac8 &lt;unknown&gt;
#8 0x5566a0da8163 &lt;unknown&gt;
#9 0x5566a0d7dbfc &lt;unknown&gt;
#10 0x5566a0d7ec05 &lt;unknown&gt;
#11 0x5566a12b8baa &lt;unknown&gt;
#12 0x5566a12ce651 &lt;unknown&gt;
#13 0x5566a12b9b05 &lt;unknown&gt;
#14 0x5566a12cfa68 &lt;unknown&gt;
#15 0x5566a12ae05f &lt;unknown&gt;
#16 0x5566a12ea818 &lt;unknown&gt;
#17 0x5566a12ea998 &lt;unknown&gt;
#18 0x5566a1305eed &lt;unknown&gt;
#19 0x7fdad2a63609 &lt;unknown&gt;
</msg>
<status status="FAIL" starttime="20211214 13:41:30.973" endtime="20211214 13:41:47.646"/>
</kw>
<status status="FAIL" starttime="20211214 13:41:27.183" endtime="20211214 13:41:47.646"/>
</kw>
<kw name="Rise Contract" library="task">
<status status="NOT RUN" starttime="20211214 13:41:47.647" endtime="20211214 13:41:47.647"/>
</kw>
<status status="FAIL" starttime="20211214 13:41:07.591" endtime="20211214 13:41:47.647">WebDriverException: Message: chrome not reachable
  (Session info: chrome=96.0.4664.93)
Stacktrace:
#0 0x5566a1286ee3 &lt;unknown&gt;
#1 0x5566a0d5449f &lt;unknown&gt;
#2 0x5566a0d43244 &lt;unknown&gt;
#3 0x5566a0d43c49 &lt;unknown&gt;
#4 0x5566a0d459d2 &lt;unknown&gt;
#5 0x5566a0d3e0c6 &lt;unknown&gt;
#6 0x5566a0d55a02 &lt;unknown&gt;
#7 0x5566a0dbaac8 &lt;unknown&gt;
#8 0x5566a0da8163 &lt;unknown&gt;
#9 0x5566a0d7dbfc &lt;unknown&gt;
#10 0x5566a0d7ec05 &lt;unknown&gt;
#11 0x5566a12b8baa &lt;unknown&gt;
#12 0x5566a12ce651 &lt;unknown&gt;
#13 0x5566a12b9b05 &lt;unknown&gt;
#14 0x5566a12cfa68 &lt;unknown&gt;
#15 0x5566a12ae05f &lt;unknown&gt;
#16 0x5566a12ea818 &lt;unknown&gt;
#17 0x5566a12ea998 &lt;unknown&gt;
#18 0x5566a1305eed &lt;unknown&gt;
#19 0x7fdad2a63609 &lt;unknown&gt;
</status>
</test>
<status status="FAIL" starttime="20211214 13:41:07.510" endtime="20211214 13:41:47.648"/>
</suite>
<statistics>
<total>
<stat pass="0" fail="1" skip="0">All Tests</stat>
</total>
<tag>
</tag>
<suite>
<stat pass="0" fail="1" skip="0" id="s1" name="Test">Test</stat>
</suite>
</statistics>
<errors>
<msg timestamp="20211214 13:41:47.645" level="WARN">Keyword 'Capture Page Screenshot' could not be run on failure: WebDriverException: Message: chrome not reachable
  (Session info: chrome=96.0.4664.93)
Stacktrace:
#0 0x5566a1286ee3 &lt;unknown&gt;
#1 0x5566a0d5449f &lt;unknown&gt;
#2 0x5566a0d43244 &lt;unknown&gt;
#3 0x5566a0d43c49 &lt;unknown&gt;
#4 0x5566a0d459d2 &lt;unknown&gt;
#5 0x5566a0d3e0c6 &lt;unknown&gt;
#6 0x5566a0d55a02 &lt;unknown&gt;
#7 0x5566a0dbaac8 &lt;unknown&gt;
#8 0x5566a0da8163 &lt;unknown&gt;
#9 0x5566a0d7dbfc &lt;unknown&gt;
#10 0x5566a0d7ec05 &lt;unknown&gt;
#11 0x5566a12b8baa &lt;unknown&gt;
#12 0x5566a12ce651 &lt;unknown&gt;
#13 0x5566a12b9b05 &lt;unknown&gt;
#14 0x5566a12cfa68 &lt;unknown&gt;
#15 0x5566a12ae05f &lt;unknown&gt;
#16 0x5566a12ea818 &lt;unknown&gt;
#17 0x5566a12ea998 &lt;unknown&gt;
#18 0x5566a1305eed &lt;unknown&gt;
#19 0x7fdad2a63609 &lt;unknown&gt;
</msg>
</errors>
</robot>
